<?xml version="1.0" encoding="UTF-8"?>
<testng-results skipped="0" failed="0" ignored="0" total="1" passed="1">
  <reporter-output>
  </reporter-output>
  <suite name="Suite" duration-ms="38" started-at="2020-06-02T19:29:25 PDT" finished-at="2020-06-02T19:29:25 PDT">
    <groups>
    </groups>
    <test name="Test" duration-ms="38" started-at="2020-06-02T19:29:25 PDT" finished-at="2020-06-02T19:29:25 PDT">
      <class name="fourth.fourth.First">
        <test-method status="PASS" signature="first()[pri:0, instance:fourth.fourth.First@3e9b1010]" name="first" duration-ms="7" started-at="2020-06-02T19:29:25 PDT" finished-at="2020-06-02T19:29:25 PDT">
          <reporter-output>
          </reporter-output>
        </test-method> <!-- first -->
      </class> <!-- fourth.fourth.First -->
    </test> <!-- Test -->
  </suite> <!-- Suite -->
</testng-results>
